<beans xmlns="http://www.springframework.org/schema/beans"
       xmlns:xsi="http://www.w3.org/2001/XMLSchema-instance" xmlns:context="http://www.springframework.org/schema/context"
       xmlns:task="http://www.springframework.org/schema/task"
       xsi:schemaLocation="http://www.springframework.org/schema/beans
						http://www.springframework.org/schema/beans/spring-beans-4.1.xsd
						http://www.springframework.org/schema/context
                        http://www.springframework.org/schema/context/spring-context-4.1.xsd
                        http://www.springframework.org/schema/task http://www.springframework.org/schema/task/spring-task-4.1.xsd">

   <bean id="dataSource" class="org.springframework.jdbc.datasource.DriverManagerDataSource">
        <property name="driverClassName" value="org.hsqldb.jdbcDriver"/>
        <property name="url" value="jdbc:hsqldb:mem:testdb;shutdown=false;"/>
        <property name="username" value="sa"/>
        <property name="password" value=""/>
    </bean>


    <bean id="hsqlSchemaCreator" class="be.ovam.art46.setup.HSQLSchemaCreator">
        <property name="dataSource" ref="dataSource" />
        <property name="schemas">
            <list>
                <value>ART46</value>
                <value>SAP</value>
                <value>OVAM</value>
                <value>SMEG</value>
            </list>
        </property>
    </bean>

    <bean id="sessionFactory" class="org.springframework.orm.hibernate4.LocalSessionFactoryBean" depends-on="hsqlSchemaCreator">
        <property name="dataSource" ref="dataSource"/>
        <property name="hibernateProperties">
            <props>
                <prop key="hibernate.dialect">org.hibernate.dialect.HSQLDialect</prop>
                <prop key="hibernate.generate_statistics">true</prop>
                <prop key="hibernate.show_sql">false</prop>
                <prop key="hibernate.cache.use_second_level_cache">true</prop>
                <prop key="hibernate.connection.autocommit">true</prop>
                <prop key="hibernate.cache.provider_class">org.hibernate.cache.HashtableCacheProvider</prop>
                <prop key="hibernate.hbm2ddl.auto">create</prop>
                <prop key="hibernate.current_session_context_class">thread</prop>
            </props>
        </property>
        <property name="mappingResources">
            <list>
                <value>be/ovam/art46/model/Actie.hbm.xml</value>
                <value>be/ovam/art46/model/Archief.hbm.xml</value>
                <value>be/ovam/art46/model/Bestek.hbm.xml</value>
                <value>be/ovam/art46/model/BudgetairArtikel.hbm.xml</value>
                <value>be/ovam/art46/model/DossierArt46.hbm.xml</value>
                <value>be/ovam/art46/model/DossierJD.hbm.xml</value>
                <value>be/ovam/art46/model/Lijst.hbm.xml</value>
                <value>be/ovam/art46/model/Query.hbm.xml</value>
                <value>be/ovam/art46/model/User.hbm.xml</value>
                <value>be/ovam/art46/model/ProjectOrdonnancering.hbm.xml</value>
            </list>
        </property>

        <property name="annotatedClasses">
            <list>
                <value>be.ovam.art46.sap.model.Project</value>
                <value>be.ovam.art46.sap.model.JaNeeCode</value>
                <value>be.ovam.art46.sap.model.Spreiding</value>
            </list>
        </property>

        <property name="packagesToScan" value="be.ovam.art46.model"/>
    </bean>

    <bean id="transactionManager"
          class="org.springframework.orm.hibernate4.HibernateTransactionManager">
        <property name="sessionFactory" ref="sessionFactory"/>
    </bean>
    <context:component-scan base-package="be.ovam.art46.dao"/>

    <bean id="sqlSessionFactory" class="org.mybatis.spring.SqlSessionFactoryBean">
        <property name="dataSource" ref="dataSource" />
        <property name="configLocation" value="classpath:test-mybatis-config.xml"/>
        <property name="mapperLocations" value="classpath:be/ovam/art46/mappers/PlanningFaseMapper.xml" />
    </bean>
    <bean id="abstractDAO" abstract="true">
        <property name="sessionFactory" ref="sessionFactory" />
        <property name="dataSource" ref="dataSource" />
    </bean>
    <bean id="dossierDAO" class="be.ovam.art46.dao.DossierDAO" parent="abstractDAO"/>
    <bean id="schuldvorderingDAO" class="be.ovam.art46.dao.SchuldvorderingDAO" parent="abstractDAO"/>

    <bean id="sqlSession" class="org.mybatis.spring.SqlSessionTemplate">
        <constructor-arg ref="sqlSessionFactory"/>
    </bean>

</beans>